<?xml version="1.0" encoding="UTF-8"?>
<testng-results ignored="0" total="5" passed="5" failed="0" skipped="0">
  <reporter-output>
  </reporter-output>
  <suite started-at="2022-03-17T04:55:04 EDT" name="BrowserStack Test automtion regression suite" finished-at="2022-03-17T04:55:22 EDT" duration-ms="17816">
    <groups>
    </groups>
    <test started-at="2022-03-17T04:55:04 EDT" name="BrowserStack Test - Edge97" finished-at="2022-03-17T04:55:12 EDT" duration-ms="8330">
      <class name="com.tests.Tests">
        <test-method is-config="true" signature="setUp(java.lang.String,java.lang.String,java.lang.String,java.lang.String,java.lang.reflect.Method)[pri:0, instance:com.tests.Tests@f0da945]" started-at="2022-03-17T04:55:04 EDT" name="setUp" finished-at="2022-03-17T04:55:09 EDT" duration-ms="4604" status="PASS">
          <params>
            <param index="0">
              <value>
                <![CDATA[Edge]]>
              </value>
            </param>
            <param index="1">
              <value>
                <![CDATA[97.0]]>
              </value>
            </param>
            <param index="2">
              <value>
                <![CDATA[Windows]]>
              </value>
            </param>
            <param index="3">
              <value>
                <![CDATA[10]]>
              </value>
            </param>
            <param index="4">
              <value>
                <![CDATA[public void com.tests.Tests.performVerifications()]]>
              </value>
            </param>
          </params>
          <reporter-output>
          </reporter-output>
        </test-method> <!-- setUp -->
        <test-method signature="performVerifications()[pri:0, instance:com.tests.Tests@f0da945]" started-at="2022-03-17T04:55:09 EDT" name="performVerifications" finished-at="2022-03-17T04:55:12 EDT" duration-ms="3690" status="PASS">
          <reporter-output>
          </reporter-output>
        </test-method> <!-- performVerifications -->
        <test-method is-config="true" signature="tearDown()[pri:0, instance:com.tests.Tests@f0da945]" started-at="2022-03-17T04:55:12 EDT" name="tearDown" finished-at="2022-03-17T04:55:12 EDT" duration-ms="0" status="PASS">
          <reporter-output>
          </reporter-output>
        </test-method> <!-- tearDown -->
      </class> <!-- com.tests.Tests -->
    </test> <!-- BrowserStack Test - Edge97 -->
    <test started-at="2022-03-17T04:55:04 EDT" name="BrowserStack Test - Chrome85" finished-at="2022-03-17T04:55:13 EDT" duration-ms="9082">
      <class name="com.tests.Tests">
        <test-method is-config="true" signature="setUp(java.lang.String,java.lang.String,java.lang.String,java.lang.String,java.lang.reflect.Method)[pri:0, instance:com.tests.Tests@593aaf41]" started-at="2022-03-17T04:55:04 EDT" name="setUp" finished-at="2022-03-17T04:55:09 EDT" duration-ms="5140" status="PASS">
          <params>
            <param index="0">
              <value>
                <![CDATA[Chrome]]>
              </value>
            </param>
            <param index="1">
              <value>
                <![CDATA[85.0]]>
              </value>
            </param>
            <param index="2">
              <value>
                <![CDATA[OS X]]>
              </value>
            </param>
            <param index="3">
              <value>
                <![CDATA[Catalina]]>
              </value>
            </param>
            <param index="4">
              <value>
                <![CDATA[public void com.tests.Tests.performVerifications()]]>
              </value>
            </param>
          </params>
          <reporter-output>
          </reporter-output>
        </test-method> <!-- setUp -->
        <test-method signature="performVerifications()[pri:0, instance:com.tests.Tests@593aaf41]" started-at="2022-03-17T04:55:09 EDT" name="performVerifications" finished-at="2022-03-17T04:55:13 EDT" duration-ms="3911" status="PASS">
          <reporter-output>
          </reporter-output>
        </test-method> <!-- performVerifications -->
        <test-method is-config="true" signature="tearDown()[pri:0, instance:com.tests.Tests@593aaf41]" started-at="2022-03-17T04:55:13 EDT" name="tearDown" finished-at="2022-03-17T04:55:13 EDT" duration-ms="0" status="PASS">
          <reporter-output>
          </reporter-output>
        </test-method> <!-- tearDown -->
      </class> <!-- com.tests.Tests -->
    </test> <!-- BrowserStack Test - Chrome85 -->
    <test started-at="2022-03-17T04:55:04 EDT" name="BrowserStack Test - Edge98" finished-at="2022-03-17T04:55:16 EDT" duration-ms="12110">
      <class name="com.tests.Tests">
        <test-method is-config="true" signature="setUp(java.lang.String,java.lang.String,java.lang.String,java.lang.String,java.lang.reflect.Method)[pri:0, instance:com.tests.Tests@37d4349f]" started-at="2022-03-17T04:55:04 EDT" name="setUp" finished-at="2022-03-17T04:55:11 EDT" duration-ms="7132" status="PASS">
          <params>
            <param index="0">
              <value>
                <![CDATA[Edge]]>
              </value>
            </param>
            <param index="1">
              <value>
                <![CDATA[98.0]]>
              </value>
            </param>
            <param index="2">
              <value>
                <![CDATA[Windows]]>
              </value>
            </param>
            <param index="3">
              <value>
                <![CDATA[11]]>
              </value>
            </param>
            <param index="4">
              <value>
                <![CDATA[public void com.tests.Tests.performVerifications()]]>
              </value>
            </param>
          </params>
          <reporter-output>
          </reporter-output>
        </test-method> <!-- setUp -->
        <test-method signature="performVerifications()[pri:0, instance:com.tests.Tests@37d4349f]" started-at="2022-03-17T04:55:11 EDT" name="performVerifications" finished-at="2022-03-17T04:55:16 EDT" duration-ms="4946" status="PASS">
          <reporter-output>
          </reporter-output>
        </test-method> <!-- performVerifications -->
        <test-method is-config="true" signature="tearDown()[pri:0, instance:com.tests.Tests@37d4349f]" started-at="2022-03-17T04:55:16 EDT" name="tearDown" finished-at="2022-03-17T04:55:16 EDT" duration-ms="1" status="PASS">
          <reporter-output>
          </reporter-output>
        </test-method> <!-- tearDown -->
      </class> <!-- com.tests.Tests -->
    </test> <!-- BrowserStack Test - Edge98 -->
    <test started-at="2022-03-17T04:55:04 EDT" name="BrowserStack Test - FF80" finished-at="2022-03-17T04:55:19 EDT" duration-ms="14936">
      <class name="com.tests.Tests">
        <test-method is-config="true" signature="setUp(java.lang.String,java.lang.String,java.lang.String,java.lang.String,java.lang.reflect.Method)[pri:0, instance:com.tests.Tests@3514a4c0]" started-at="2022-03-17T04:55:04 EDT" name="setUp" finished-at="2022-03-17T04:55:13 EDT" duration-ms="9350" status="PASS">
          <params>
            <param index="0">
              <value>
                <![CDATA[Firefox]]>
              </value>
            </param>
            <param index="1">
              <value>
                <![CDATA[80.0]]>
              </value>
            </param>
            <param index="2">
              <value>
                <![CDATA[Windows]]>
              </value>
            </param>
            <param index="3">
              <value>
                <![CDATA[10]]>
              </value>
            </param>
            <param index="4">
              <value>
                <![CDATA[public void com.tests.Tests.performVerifications()]]>
              </value>
            </param>
          </params>
          <reporter-output>
          </reporter-output>
        </test-method> <!-- setUp -->
        <test-method signature="performVerifications()[pri:0, instance:com.tests.Tests@3514a4c0]" started-at="2022-03-17T04:55:13 EDT" name="performVerifications" finished-at="2022-03-17T04:55:19 EDT" duration-ms="5554" status="PASS">
          <reporter-output>
          </reporter-output>
        </test-method> <!-- performVerifications -->
        <test-method is-config="true" signature="tearDown()[pri:0, instance:com.tests.Tests@3514a4c0]" started-at="2022-03-17T04:55:19 EDT" name="tearDown" finished-at="2022-03-17T04:55:19 EDT" duration-ms="1" status="PASS">
          <reporter-output>
          </reporter-output>
        </test-method> <!-- tearDown -->
      </class> <!-- com.tests.Tests -->
    </test> <!-- BrowserStack Test - FF80 -->
    <test started-at="2022-03-17T04:55:04 EDT" name="BrowserStack Test - Chrome98" finished-at="2022-03-17T04:55:22 EDT" duration-ms="17816">
      <class name="com.tests.Tests">
        <test-method is-config="true" signature="setUp(java.lang.String,java.lang.String,java.lang.String,java.lang.String,java.lang.reflect.Method)[pri:0, instance:com.tests.Tests@2ea41516]" started-at="2022-03-17T04:55:04 EDT" name="setUp" finished-at="2022-03-17T04:55:15 EDT" duration-ms="10479" status="PASS">
          <params>
            <param index="0">
              <value>
                <![CDATA[Chrome]]>
              </value>
            </param>
            <param index="1">
              <value>
                <![CDATA[98.0]]>
              </value>
            </param>
            <param index="2">
              <value>
                <![CDATA[Windows]]>
              </value>
            </param>
            <param index="3">
              <value>
                <![CDATA[11]]>
              </value>
            </param>
            <param index="4">
              <value>
                <![CDATA[public void com.tests.Tests.performVerifications()]]>
              </value>
            </param>
          </params>
          <reporter-output>
          </reporter-output>
        </test-method> <!-- setUp -->
        <test-method signature="performVerifications()[pri:0, instance:com.tests.Tests@2ea41516]" started-at="2022-03-17T04:55:15 EDT" name="performVerifications" finished-at="2022-03-17T04:55:22 EDT" duration-ms="7306" status="PASS">
          <reporter-output>
          </reporter-output>
        </test-method> <!-- performVerifications -->
        <test-method is-config="true" signature="tearDown()[pri:0, instance:com.tests.Tests@2ea41516]" started-at="2022-03-17T04:55:22 EDT" name="tearDown" finished-at="2022-03-17T04:55:22 EDT" duration-ms="0" status="PASS">
          <reporter-output>
          </reporter-output>
        </test-method> <!-- tearDown -->
      </class> <!-- com.tests.Tests -->
    </test> <!-- BrowserStack Test - Chrome98 -->
  </suite> <!-- BrowserStack Test automtion regression suite -->
</testng-results>
